PLINK v1.90b7 64-bit (16 Jan 2023)
Options in effect:
  --file inst/extdata/hps40/hps40
  --make-bed
  --out inst/extdata/hps40/hps40

Hostname: turing
Working directory: /home/agiardina/dev/hirisplexr
Start time: Tue Jul 29 19:27:37 2025

Random number seed: 1753810057
64168 MB RAM detected; reserving 32084 MB for main workspace.
Scanning .ped file... done.
Performing single-pass .bed write (40 variants, 2 people).
--file: inst/extdata/hps40/hps40-temporary.bed +
inst/extdata/hps40/hps40-temporary.bim + inst/extdata/hps40/hps40-temporary.fam
written.
40 variants loaded from .bim file.
2 people (2 males, 0 females) loaded from .fam.
Using 1 thread (no multithreaded calculations invoked).
Before main variant filters, 2 founders and 0 nonfounders present.
Calculating allele frequencies... done.
Total genotyping rate is exactly 1.
40 variants and 2 people pass filters and QC.
Note: No phenotypes present.
--make-bed to inst/extdata/hps40/hps40.bed + inst/extdata/hps40/hps40.bim +
inst/extdata/hps40/hps40.fam ... done.

End time: Tue Jul 29 19:27:37 2025
